  boss.cpp
C:\Users\hp\Source\Repos\OOP-FINAL_PROJECT\boss.h(5,10): warning C4067: unexpected tokens following preprocessor directive - expected a newline
  (compiling source file 'boss.cpp')
  
C:\Users\hp\Source\Repos\OOP-FINAL_PROJECT\special_attack.h(15,34): warning C4244: 'return': conversion from 'float' to 'int', possible loss of data
  (compiling source file 'boss.cpp')
  
C:\Users\hp\Source\Repos\OOP-FINAL_PROJECT\character.h(49,34): warning C4244: 'return': conversion from 'float' to 'int', possible loss of data
  (compiling source file 'boss.cpp')
  
C:\Users\hp\Source\Repos\OOP-FINAL_PROJECT\character.h(50,37): warning C4244: 'return': conversion from 'float' to 'int', possible loss of data
  (compiling source file 'boss.cpp')
  
C:\Users\hp\Source\Repos\OOP-FINAL_PROJECT\character.h(51,31): warning C4244: 'return': conversion from 'float' to 'int', possible loss of data
  (compiling source file 'boss.cpp')
  
C:\Users\hp\Source\Repos\OOP-FINAL_PROJECT\character.h(52,45): warning C4244: '=': conversion from 'int' to 'float', possible loss of data
  (compiling source file 'boss.cpp')
  
C:\Users\hp\Source\Repos\OOP-FINAL_PROJECT\character.h(101,77): warning C4244: '=': conversion from 'int' to 'float', possible loss of data
  (compiling source file 'boss.cpp')
  
C:\Users\hp\Source\Repos\OOP-FINAL_PROJECT\character.h(114,81): warning C4244: '=': conversion from 'int' to 'float', possible loss of data
  (compiling source file 'boss.cpp')
  
C:\Users\hp\Source\Repos\OOP-FINAL_PROJECT\character.h(128,63): warning C4838: conversion from 'int' to 'float' requires a narrowing conversion
  (compiling source file 'boss.cpp')
  
C:\Users\hp\Source\Repos\OOP-FINAL_PROJECT\character.h(128,63): warning C4244: 'initializing': conversion from 'int' to 'float', possible loss of data
  (compiling source file 'boss.cpp')
  
C:\Users\hp\Source\Repos\OOP-FINAL_PROJECT\character.h(128,80): warning C4838: conversion from 'int' to 'float' requires a narrowing conversion
  (compiling source file 'boss.cpp')
  
C:\Users\hp\Source\Repos\OOP-FINAL_PROJECT\character.h(128,80): warning C4244: 'initializing': conversion from 'int' to 'float', possible loss of data
  (compiling source file 'boss.cpp')
  
C:\Users\hp\Source\Repos\OOP-FINAL_PROJECT\simple_attack.h(26,63): warning C4838: conversion from 'int' to 'float' requires a narrowing conversion
  (compiling source file 'boss.cpp')
  
C:\Users\hp\Source\Repos\OOP-FINAL_PROJECT\simple_attack.h(26,63): warning C4244: 'initializing': conversion from 'int' to 'float', possible loss of data
  (compiling source file 'boss.cpp')
  
C:\Users\hp\Source\Repos\OOP-FINAL_PROJECT\simple_attack.h(26,80): warning C4838: conversion from 'int' to 'float' requires a narrowing conversion
  (compiling source file 'boss.cpp')
  
C:\Users\hp\Source\Repos\OOP-FINAL_PROJECT\simple_attack.h(26,80): warning C4244: 'initializing': conversion from 'int' to 'float', possible loss of data
  (compiling source file 'boss.cpp')
  
C:\Users\hp\Source\Repos\OOP-FINAL_PROJECT\enemy.h(81,28): warning C4244: 'argument': conversion from 'float' to 'int', possible loss of data
  (compiling source file 'boss.cpp')
  
  bscs24149_UP BATTLE PROJECT.cpp
C:\Users\hp\Source\Repos\OOP-FINAL_PROJECT\character.h(49,34): warning C4244: 'return': conversion from 'float' to 'int', possible loss of data
  (compiling source file 'bscs24149_UP%20BATTLE%20PROJECT.cpp')
  
C:\Users\hp\Source\Repos\OOP-FINAL_PROJECT\character.h(50,37): warning C4244: 'return': conversion from 'float' to 'int', possible loss of data
  (compiling source file 'bscs24149_UP%20BATTLE%20PROJECT.cpp')
  
C:\Users\hp\Source\Repos\OOP-FINAL_PROJECT\character.h(51,31): warning C4244: 'return': conversion from 'float' to 'int', possible loss of data
  (compiling source file 'bscs24149_UP%20BATTLE%20PROJECT.cpp')
  
C:\Users\hp\Source\Repos\OOP-FINAL_PROJECT\character.h(52,45): warning C4244: '=': conversion from 'int' to 'float', possible loss of data
  (compiling source file 'bscs24149_UP%20BATTLE%20PROJECT.cpp')
  
C:\Users\hp\Source\Repos\OOP-FINAL_PROJECT\character.h(101,77): warning C4244: '=': conversion from 'int' to 'float', possible loss of data
  (compiling source file 'bscs24149_UP%20BATTLE%20PROJECT.cpp')
  
C:\Users\hp\Source\Repos\OOP-FINAL_PROJECT\character.h(114,81): warning C4244: '=': conversion from 'int' to 'float', possible loss of data
  (compiling source file 'bscs24149_UP%20BATTLE%20PROJECT.cpp')
  
C:\Users\hp\Source\Repos\OOP-FINAL_PROJECT\character.h(128,63): warning C4838: conversion from 'int' to 'float' requires a narrowing conversion
  (compiling source file 'bscs24149_UP%20BATTLE%20PROJECT.cpp')
  
C:\Users\hp\Source\Repos\OOP-FINAL_PROJECT\character.h(128,63): warning C4244: 'initializing': conversion from 'int' to 'float', possible loss of data
  (compiling source file 'bscs24149_UP%20BATTLE%20PROJECT.cpp')
  
C:\Users\hp\Source\Repos\OOP-FINAL_PROJECT\character.h(128,80): warning C4838: conversion from 'int' to 'float' requires a narrowing conversion
  (compiling source file 'bscs24149_UP%20BATTLE%20PROJECT.cpp')
  
C:\Users\hp\Source\Repos\OOP-FINAL_PROJECT\character.h(128,80): warning C4244: 'initializing': conversion from 'int' to 'float', possible loss of data
  (compiling source file 'bscs24149_UP%20BATTLE%20PROJECT.cpp')
  
C:\Users\hp\Source\Repos\OOP-FINAL_PROJECT\simple_attack.h(26,63): warning C4838: conversion from 'int' to 'float' requires a narrowing conversion
  (compiling source file 'bscs24149_UP%20BATTLE%20PROJECT.cpp')
  
C:\Users\hp\Source\Repos\OOP-FINAL_PROJECT\simple_attack.h(26,63): warning C4244: 'initializing': conversion from 'int' to 'float', possible loss of data
  (compiling source file 'bscs24149_UP%20BATTLE%20PROJECT.cpp')
  
C:\Users\hp\Source\Repos\OOP-FINAL_PROJECT\simple_attack.h(26,80): warning C4838: conversion from 'int' to 'float' requires a narrowing conversion
  (compiling source file 'bscs24149_UP%20BATTLE%20PROJECT.cpp')
  
C:\Users\hp\Source\Repos\OOP-FINAL_PROJECT\simple_attack.h(26,80): warning C4244: 'initializing': conversion from 'int' to 'float', possible loss of data
  (compiling source file 'bscs24149_UP%20BATTLE%20PROJECT.cpp')
  
C:\Users\hp\Source\Repos\OOP-FINAL_PROJECT\special_attack.h(15,34): warning C4244: 'return': conversion from 'float' to 'int', possible loss of data
  (compiling source file 'bscs24149_UP%20BATTLE%20PROJECT.cpp')
  
C:\Users\hp\Source\Repos\OOP-FINAL_PROJECT\player.h(49,27): warning C4244: 'argument': conversion from 'float' to 'int', possible loss of data
  (compiling source file 'bscs24149_UP%20BATTLE%20PROJECT.cpp')
  
C:\Users\hp\Source\Repos\OOP-FINAL_PROJECT\player.h(82,25): warning C4244: 'return': conversion from 'float' to 'int', possible loss of data
  (compiling source file 'bscs24149_UP%20BATTLE%20PROJECT.cpp')
  
C:\Users\hp\Source\Repos\OOP-FINAL_PROJECT\enemy.h(81,28): warning C4244: 'argument': conversion from 'float' to 'int', possible loss of data
  (compiling source file 'bscs24149_UP%20BATTLE%20PROJECT.cpp')
  
C:\Users\hp\Source\Repos\OOP-FINAL_PROJECT\boss.h(5,10): warning C4067: unexpected tokens following preprocessor directive - expected a newline
  (compiling source file 'bscs24149_UP%20BATTLE%20PROJECT.cpp')
  
C:\Users\hp\Source\Repos\OOP-FINAL_PROJECT\bscs24149_UP BATTLE PROJECT.cpp(41,19): warning C4244: 'argument': conversion from 'int' to 'float', possible loss of data
  enemy.cpp
C:\Users\hp\Source\Repos\OOP-FINAL_PROJECT\character.h(49,34): warning C4244: 'return': conversion from 'float' to 'int', possible loss of data
  (compiling source file 'enemy.cpp')
  
C:\Users\hp\Source\Repos\OOP-FINAL_PROJECT\character.h(50,37): warning C4244: 'return': conversion from 'float' to 'int', possible loss of data
  (compiling source file 'enemy.cpp')
  
C:\Users\hp\Source\Repos\OOP-FINAL_PROJECT\character.h(51,31): warning C4244: 'return': conversion from 'float' to 'int', possible loss of data
  (compiling source file 'enemy.cpp')
  
C:\Users\hp\Source\Repos\OOP-FINAL_PROJECT\character.h(52,45): warning C4244: '=': conversion from 'int' to 'float', possible loss of data
  (compiling source file 'enemy.cpp')
  
C:\Users\hp\Source\Repos\OOP-FINAL_PROJECT\character.h(101,77): warning C4244: '=': conversion from 'int' to 'float', possible loss of data
  (compiling source file 'enemy.cpp')
  
C:\Users\hp\Source\Repos\OOP-FINAL_PROJECT\character.h(114,81): warning C4244: '=': conversion from 'int' to 'float', possible loss of data
  (compiling source file 'enemy.cpp')
  
C:\Users\hp\Source\Repos\OOP-FINAL_PROJECT\character.h(128,63): warning C4838: conversion from 'int' to 'float' requires a narrowing conversion
  (compiling source file 'enemy.cpp')
  
C:\Users\hp\Source\Repos\OOP-FINAL_PROJECT\character.h(128,63): warning C4244: 'initializing': conversion from 'int' to 'float', possible loss of data
  (compiling source file 'enemy.cpp')
  
C:\Users\hp\Source\Repos\OOP-FINAL_PROJECT\character.h(128,80): warning C4838: conversion from 'int' to 'float' requires a narrowing conversion
  (compiling source file 'enemy.cpp')
  
C:\Users\hp\Source\Repos\OOP-FINAL_PROJECT\character.h(128,80): warning C4244: 'initializing': conversion from 'int' to 'float', possible loss of data
  (compiling source file 'enemy.cpp')
  
C:\Users\hp\Source\Repos\OOP-FINAL_PROJECT\simple_attack.h(26,63): warning C4838: conversion from 'int' to 'float' requires a narrowing conversion
  (compiling source file 'enemy.cpp')
  
C:\Users\hp\Source\Repos\OOP-FINAL_PROJECT\simple_attack.h(26,63): warning C4244: 'initializing': conversion from 'int' to 'float', possible loss of data
  (compiling source file 'enemy.cpp')
  
C:\Users\hp\Source\Repos\OOP-FINAL_PROJECT\simple_attack.h(26,80): warning C4838: conversion from 'int' to 'float' requires a narrowing conversion
  (compiling source file 'enemy.cpp')
  
C:\Users\hp\Source\Repos\OOP-FINAL_PROJECT\simple_attack.h(26,80): warning C4244: 'initializing': conversion from 'int' to 'float', possible loss of data
  (compiling source file 'enemy.cpp')
  
C:\Users\hp\Source\Repos\OOP-FINAL_PROJECT\enemy.h(81,28): warning C4244: 'argument': conversion from 'float' to 'int', possible loss of data
  (compiling source file 'enemy.cpp')
  
C:\Users\hp\Source\Repos\OOP-FINAL_PROJECT\enemy.cpp(31,18): warning C4244: 'argument': conversion from 'float' to 'int', possible loss of data
  game_manager.cpp
C:\Users\hp\Source\Repos\OOP-FINAL_PROJECT\character.h(49,34): warning C4244: 'return': conversion from 'float' to 'int', possible loss of data
  (compiling source file 'game_manager.cpp')
  
C:\Users\hp\Source\Repos\OOP-FINAL_PROJECT\character.h(50,37): warning C4244: 'return': conversion from 'float' to 'int', possible loss of data
  (compiling source file 'game_manager.cpp')
  
C:\Users\hp\Source\Repos\OOP-FINAL_PROJECT\character.h(51,31): warning C4244: 'return': conversion from 'float' to 'int', possible loss of data
  (compiling source file 'game_manager.cpp')
  
C:\Users\hp\Source\Repos\OOP-FINAL_PROJECT\character.h(52,45): warning C4244: '=': conversion from 'int' to 'float', possible loss of data
  (compiling source file 'game_manager.cpp')
  
C:\Users\hp\Source\Repos\OOP-FINAL_PROJECT\character.h(101,77): warning C4244: '=': conversion from 'int' to 'float', possible loss of data
  (compiling source file 'game_manager.cpp')
  
C:\Users\hp\Source\Repos\OOP-FINAL_PROJECT\character.h(114,81): warning C4244: '=': conversion from 'int' to 'float', possible loss of data
  (compiling source file 'game_manager.cpp')
  
C:\Users\hp\Source\Repos\OOP-FINAL_PROJECT\character.h(128,63): warning C4838: conversion from 'int' to 'float' requires a narrowing conversion
  (compiling source file 'game_manager.cpp')
  
C:\Users\hp\Source\Repos\OOP-FINAL_PROJECT\character.h(128,63): warning C4244: 'initializing': conversion from 'int' to 'float', possible loss of data
  (compiling source file 'game_manager.cpp')
  
C:\Users\hp\Source\Repos\OOP-FINAL_PROJECT\character.h(128,80): warning C4838: conversion from 'int' to 'float' requires a narrowing conversion
  (compiling source file 'game_manager.cpp')
  
C:\Users\hp\Source\Repos\OOP-FINAL_PROJECT\character.h(128,80): warning C4244: 'initializing': conversion from 'int' to 'float', possible loss of data
  (compiling source file 'game_manager.cpp')
  
C:\Users\hp\Source\Repos\OOP-FINAL_PROJECT\simple_attack.h(26,63): warning C4838: conversion from 'int' to 'float' requires a narrowing conversion
  (compiling source file 'game_manager.cpp')
  
C:\Users\hp\Source\Repos\OOP-FINAL_PROJECT\simple_attack.h(26,63): warning C4244: 'initializing': conversion from 'int' to 'float', possible loss of data
  (compiling source file 'game_manager.cpp')
  
C:\Users\hp\Source\Repos\OOP-FINAL_PROJECT\simple_attack.h(26,80): warning C4838: conversion from 'int' to 'float' requires a narrowing conversion
  (compiling source file 'game_manager.cpp')
  
C:\Users\hp\Source\Repos\OOP-FINAL_PROJECT\simple_attack.h(26,80): warning C4244: 'initializing': conversion from 'int' to 'float', possible loss of data
  (compiling source file 'game_manager.cpp')
  
C:\Users\hp\Source\Repos\OOP-FINAL_PROJECT\special_attack.h(15,34): warning C4244: 'return': conversion from 'float' to 'int', possible loss of data
  (compiling source file 'game_manager.cpp')
  
C:\Users\hp\Source\Repos\OOP-FINAL_PROJECT\player.h(49,27): warning C4244: 'argument': conversion from 'float' to 'int', possible loss of data
  (compiling source file 'game_manager.cpp')
  
C:\Users\hp\Source\Repos\OOP-FINAL_PROJECT\player.h(82,25): warning C4244: 'return': conversion from 'float' to 'int', possible loss of data
  (compiling source file 'game_manager.cpp')
  
C:\Users\hp\Source\Repos\OOP-FINAL_PROJECT\game_manager.cpp(12,60): warning C4244: 'argument': conversion from 'float' to 'int', possible loss of data
C:\Users\hp\Source\Repos\OOP-FINAL_PROJECT\game_manager.cpp(12,41): warning C4244: 'argument': conversion from 'float' to 'int', possible loss of data
C:\Users\hp\Source\Repos\OOP-FINAL_PROJECT\game_manager.cpp(14,62): warning C4244: 'argument': conversion from 'float' to 'int', possible loss of data
C:\Users\hp\Source\Repos\OOP-FINAL_PROJECT\game_manager.cpp(14,43): warning C4244: 'argument': conversion from 'float' to 'int', possible loss of data
C:\Users\hp\Source\Repos\OOP-FINAL_PROJECT\game_manager.cpp(16,56): warning C4244: 'argument': conversion from 'float' to 'int', possible loss of data
C:\Users\hp\Source\Repos\OOP-FINAL_PROJECT\game_manager.cpp(16,37): warning C4244: 'argument': conversion from 'float' to 'int', possible loss of data
  player.cpp
C:\Users\hp\Source\Repos\OOP-FINAL_PROJECT\character.h(49,34): warning C4244: 'return': conversion from 'float' to 'int', possible loss of data
  (compiling source file 'player.cpp')
  
C:\Users\hp\Source\Repos\OOP-FINAL_PROJECT\character.h(50,37): warning C4244: 'return': conversion from 'float' to 'int', possible loss of data
  (compiling source file 'player.cpp')
  
C:\Users\hp\Source\Repos\OOP-FINAL_PROJECT\character.h(51,31): warning C4244: 'return': conversion from 'float' to 'int', possible loss of data
  (compiling source file 'player.cpp')
  
C:\Users\hp\Source\Repos\OOP-FINAL_PROJECT\character.h(52,45): warning C4244: '=': conversion from 'int' to 'float', possible loss of data
  (compiling source file 'player.cpp')
  
C:\Users\hp\Source\Repos\OOP-FINAL_PROJECT\character.h(101,77): warning C4244: '=': conversion from 'int' to 'float', possible loss of data
  (compiling source file 'player.cpp')
  
C:\Users\hp\Source\Repos\OOP-FINAL_PROJECT\character.h(114,81): warning C4244: '=': conversion from 'int' to 'float', possible loss of data
  (compiling source file 'player.cpp')
  
C:\Users\hp\Source\Repos\OOP-FINAL_PROJECT\character.h(128,63): warning C4838: conversion from 'int' to 'float' requires a narrowing conversion
  (compiling source file 'player.cpp')
  
C:\Users\hp\Source\Repos\OOP-FINAL_PROJECT\character.h(128,63): warning C4244: 'initializing': conversion from 'int' to 'float', possible loss of data
  (compiling source file 'player.cpp')
  
C:\Users\hp\Source\Repos\OOP-FINAL_PROJECT\character.h(128,80): warning C4838: conversion from 'int' to 'float' requires a narrowing conversion
  (compiling source file 'player.cpp')
  
C:\Users\hp\Source\Repos\OOP-FINAL_PROJECT\character.h(128,80): warning C4244: 'initializing': conversion from 'int' to 'float', possible loss of data
  (compiling source file 'player.cpp')
  
C:\Users\hp\Source\Repos\OOP-FINAL_PROJECT\simple_attack.h(26,63): warning C4838: conversion from 'int' to 'float' requires a narrowing conversion
  (compiling source file 'player.cpp')
  
C:\Users\hp\Source\Repos\OOP-FINAL_PROJECT\simple_attack.h(26,63): warning C4244: 'initializing': conversion from 'int' to 'float', possible loss of data
  (compiling source file 'player.cpp')
  
C:\Users\hp\Source\Repos\OOP-FINAL_PROJECT\simple_attack.h(26,80): warning C4838: conversion from 'int' to 'float' requires a narrowing conversion
  (compiling source file 'player.cpp')
  
C:\Users\hp\Source\Repos\OOP-FINAL_PROJECT\simple_attack.h(26,80): warning C4244: 'initializing': conversion from 'int' to 'float', possible loss of data
  (compiling source file 'player.cpp')
  
C:\Users\hp\Source\Repos\OOP-FINAL_PROJECT\special_attack.h(15,34): warning C4244: 'return': conversion from 'float' to 'int', possible loss of data
  (compiling source file 'player.cpp')
  
C:\Users\hp\Source\Repos\OOP-FINAL_PROJECT\player.h(49,27): warning C4244: 'argument': conversion from 'float' to 'int', possible loss of data
  (compiling source file 'player.cpp')
  
C:\Users\hp\Source\Repos\OOP-FINAL_PROJECT\player.h(82,25): warning C4244: 'return': conversion from 'float' to 'int', possible loss of data
  (compiling source file 'player.cpp')
  
C:\Users\hp\Source\Repos\OOP-FINAL_PROJECT\player.cpp(51,18): warning C4244: 'argument': conversion from 'float' to 'int', possible loss of data
  special_attack.cpp
C:\Users\hp\Source\Repos\OOP-FINAL_PROJECT\special_attack.h(15,34): warning C4244: 'return': conversion from 'float' to 'int', possible loss of data
  (compiling source file 'special_attack.cpp')
  
C:\Users\hp\Source\Repos\OOP-FINAL_PROJECT\special_attack.cpp(49,62): warning C4838: conversion from 'int' to 'float' requires a narrowing conversion
C:\Users\hp\Source\Repos\OOP-FINAL_PROJECT\special_attack.cpp(49,62): warning C4244: 'initializing': conversion from 'int' to 'float', possible loss of data
C:\Users\hp\Source\Repos\OOP-FINAL_PROJECT\special_attack.cpp(49,81): warning C4838: conversion from 'int' to 'float' requires a narrowing conversion
C:\Users\hp\Source\Repos\OOP-FINAL_PROJECT\special_attack.cpp(49,81): warning C4244: 'initializing': conversion from 'int' to 'float', possible loss of data
  string.cpp
  Generating Code...
C:\Users\hp\Source\Repos\OOP-FINAL_PROJECT\string.cpp(141,1): warning C4715: 'String::trim': not all control paths return a value
C:\Users\hp\Source\Repos\OOP-FINAL_PROJECT\string.cpp(182,1): warning C4715: 'String::is_less': not all control paths return a value
C:\Users\hp\Source\Repos\OOP-FINAL_PROJECT\string.cpp(194,1): warning C4715: 'String::is_greater': not all control paths return a value
C:\Users\hp\Source\Repos\OOP-FINAL_PROJECT\arr.h(88,1): warning C4715: 'DA<Simple_Attack>::operator[]': not all control paths return a value
C:\Users\hp\Source\Repos\OOP-FINAL_PROJECT\arr.h(88,1): warning C4715: 'DA<player>::operator[]': not all control paths return a value
C:\Users\hp\Source\Repos\OOP-FINAL_PROJECT\arr.h(88,1): warning C4715: 'DA<enemy>::operator[]': not all control paths return a value
  bscs24149_UP BATTLE PROJECT.vcxproj -> C:\Users\hp\Source\Repos\OOP-FINAL_PROJECT\x64\Debug\bscs24149_UP BATTLE PROJECT.exe
  'pwsh.exe' is not recognized as an internal or external command,
  operable program or batch file.
